<?xml version="1.0" encoding="UTF-8"?>
<!-- Generated by org.testng.reporters.JUnitReportReporter -->
<testsuite hostname="DEVANSHI_SHAH" name="com.project.login.LoginTest" tests="1" failures="0" timestamp="29 Jun 2016 08:26:53 GMT" time="25.434" errors="0">
  <testcase name="validlogin" time="25.434" classname="com.project.login.LoginTest"/>
</testsuite> <!-- com.project.login.LoginTest -->
